<?xml version="1.0" encoding="UTF-8"?>
<testsuite name="ece448.iot_sim.HTTPCommandsTests" tests="14" skipped="0" failures="0" errors="0" timestamp="2025-05-07T01:18:27" hostname="Mac-4168.cable.rcn.com" time="0.107">
  <properties/>
  <testcase name="testSwitchOff" classname="ece448.iot_sim.HTTPCommandsTests" time="0.103"/>
  <testcase name="testToggleOffToOn" classname="ece448.iot_sim.HTTPCommandsTests" time="0.0"/>
  <testcase name="testToggleOnToOff" classname="ece448.iot_sim.HTTPCommandsTests" time="0.001"/>
  <testcase name="testPlugYInitialState" classname="ece448.iot_sim.HTTPCommandsTests" time="0.0"/>
  <testcase name="testVerifyPlugRemainsOn" classname="ece448.iot_sim.HTTPCommandsTests" time="0.0"/>
  <testcase name="testListPlugs" classname="ece448.iot_sim.HTTPCommandsTests" time="0.0"/>
  <testcase name="testEnsureSwitchOffAfterOn" classname="ece448.iot_sim.HTTPCommandsTests" time="0.001"/>
  <testcase name="testInvalidAction" classname="ece448.iot_sim.HTTPCommandsTests" time="0.0"/>
  <testcase name="testPlugZPowerReadingOff" classname="ece448.iot_sim.HTTPCommandsTests" time="0.001"/>
  <testcase name="testSwitchOn" classname="ece448.iot_sim.HTTPCommandsTests" time="0.0"/>
  <testcase name="testMultipleToggles" classname="ece448.iot_sim.HTTPCommandsTests" time="0.0"/>
  <testcase name="testRemainOnAfterSwitching" classname="ece448.iot_sim.HTTPCommandsTests" time="0.001"/>
  <testcase name="testInvalidPlugName" classname="ece448.iot_sim.HTTPCommandsTests" time="0.0"/>
  <testcase name="testInitialPlugStatus" classname="ece448.iot_sim.HTTPCommandsTests" time="0.0"/>
  <system-out><![CDATA[2025-05-06 20:18:27,507 INFO HTTPCmd /xxxx: {action=off}
2025-05-06 20:18:27,510 INFO HTTPCmd /xxxx: {action=toggle}
2025-05-06 20:18:27,511 INFO HTTPCmd /xxxx: {action=toggle}
2025-05-06 20:18:27,511 INFO HTTPCmd /yyyy: {}
2025-05-06 20:18:27,511 INFO HTTPCmd /xxxx: {action=on}
2025-05-06 20:18:27,512 INFO HTTPCmd /: {}
2025-05-06 20:18:27,512 INFO HTTPCmd /xxxx: {action=on}
2025-05-06 20:18:27,512 INFO HTTPCmd /xxxx: {action=off}
2025-05-06 20:18:27,513 INFO HTTPCmd /xxxx: {action=invalidAction}
2025-05-06 20:18:27,513 INFO HTTPCmd /zzzz.789: {}
2025-05-06 20:18:27,513 INFO HTTPCmd /xxxx: {action=on}
2025-05-06 20:18:27,513 INFO HTTPCmd /xxxx: {action=toggle}
2025-05-06 20:18:27,514 INFO HTTPCmd /xxxx: {action=toggle}
2025-05-06 20:18:27,514 INFO HTTPCmd /xxxx: {action=on}
2025-05-06 20:18:27,514 INFO HTTPCmd /xxxx: {}
2025-05-06 20:18:27,514 INFO HTTPCmd /unknownPlug: {}
2025-05-06 20:18:27,515 INFO HTTPCmd /xxxx: {}
]]></system-out>
  <system-err><![CDATA[]]></system-err>
</testsuite>
